This file contains any messages produced by compilers while
running configure, to aid debugging if configure makes a mistake.

It was created by spice configure 0.10.0, which was
generated by GNU Autoconf 2.65.  Invocation command line was

  $ ./configure --enable-gstreamer

## --------- ##
## Platform. ##
## --------- ##

hostname = zhwe-desktop
uname -m = i686
uname -r = 2.6.32-22-generic
uname -s = Linux
uname -v = #36-Ubuntu SMP Thu Jun 3 22:02:19 UTC 2010

/usr/bin/uname -p = unknown
/bin/uname -X     = unknown

/bin/arch              = unknown
/usr/bin/arch -k       = unknown
/usr/convex/getsysinfo = unknown
/usr/bin/hostinfo      = unknown
/bin/machine           = unknown
/usr/bin/oslevel       = unknown
/bin/universe          = unknown

PATH: /usr/lib/jvm/java-1.6.0-openjdk/bin
PATH: /usr/local/sbin
PATH: /usr/local/bin
PATH: /usr/sbin
PATH: /usr/bin
PATH: /sbin
PATH: /bin
PATH: /usr/games


## ----------- ##
## Core tests. ##
## ----------- ##

configure:2665: checking for a BSD-compatible install
configure:2733: result: /usr/bin/install -c
configure:2744: checking whether build environment is sane
configure:2794: result: yes
configure:2935: checking for a thread-safe mkdir -p
configure:2974: result: /bin/mkdir -p
configure:2987: checking for gawk
configure:3003: found /usr/bin/gawk
configure:3014: result: gawk
configure:3025: checking whether make sets $(MAKE)
configure:3047: result: yes
configure:3128: checking whether to enable maintainer-specific portions of Makefiles
configure:3137: result: no
configure:3199: checking for gcc
configure:3215: found /usr/bin/gcc
configure:3226: result: gcc
configure:3455: checking for C compiler version
configure:3464: gcc --version >&5
gcc (Ubuntu 4.4.3-4ubuntu5.1) 4.4.3
Copyright (C) 2009 Free Software Foundation, Inc.
This is free software; see the source for copying conditions.  There is NO
warranty; not even for MERCHANTABILITY or FITNESS FOR A PARTICULAR PURPOSE.

configure:3475: $? = 0
configure:3464: gcc -v >&5
Using built-in specs.
Target: i486-linux-gnu
Configured with: ../src/configure -v --with-pkgversion='Ubuntu 4.4.3-4ubuntu5.1' --with-bugurl=file:///usr/share/doc/gcc-4.4/README.Bugs --enable-languages=c,c++,fortran,objc,obj-c++ --prefix=/usr --enable-shared --enable-multiarch --enable-linker-build-id --with-system-zlib --libexecdir=/usr/lib --without-included-gettext --enable-threads=posix --with-gxx-include-dir=/usr/include/c++/4.4 --program-suffix=-4.4 --enable-nls --enable-clocale=gnu --enable-libstdcxx-debug --enable-plugin --enable-objc-gc --enable-targets=all --disable-werror --with-arch-32=i486 --with-tune=generic --enable-checking=release --build=i486-linux-gnu --host=i486-linux-gnu --target=i486-linux-gnu
Thread model: posix
gcc version 4.4.3 (Ubuntu 4.4.3-4ubuntu5.1) 
configure:3475: $? = 0
configure:3464: gcc -V >&5
gcc: '-V' option must have argument
configure:3475: $? = 1
configure:3464: gcc -qversion >&5
gcc: unrecognized option '-qversion'
gcc: no input files
configure:3475: $? = 1
configure:3495: checking whether the C compiler works
configure:3517: gcc    conftest.c  >&5
configure:3521: $? = 0
configure:3570: result: yes
configure:3573: checking for C compiler default output file name
configure:3575: result: a.out
configure:3581: checking for suffix of executables
configure:3588: gcc -o conftest    conftest.c  >&5
configure:3592: $? = 0
configure:3614: result: 
configure:3636: checking whether we are cross compiling
configure:3644: gcc -o conftest    conftest.c  >&5
configure:3648: $? = 0
configure:3655: ./conftest
configure:3659: $? = 0
configure:3674: result: no
configure:3679: checking for suffix of object files
configure:3701: gcc -c   conftest.c >&5
configure:3705: $? = 0
configure:3726: result: o
configure:3730: checking whether we are using the GNU C compiler
configure:3749: gcc -c   conftest.c >&5
configure:3749: $? = 0
configure:3758: result: yes
configure:3767: checking whether gcc accepts -g
configure:3787: gcc -c -g  conftest.c >&5
configure:3787: $? = 0
configure:3828: result: yes
configure:3845: checking for gcc option to accept ISO C89
configure:3909: gcc  -c -g -O2  conftest.c >&5
configure:3909: $? = 0
configure:3922: result: none needed
configure:3953: checking for style of include used by make
configure:3981: result: GNU
configure:4006: checking dependency style of gcc
configure:4116: result: gcc3
configure:4131: checking for gcc option to accept ISO C99
configure:4280: gcc  -c -g -O2  conftest.c >&5
conftest.c:61: error: expected ';', ',' or ')' before 'text'
conftest.c: In function 'main':
conftest.c:115: error: expected '=', ',', ';', 'asm' or '__attribute__' before 'newvar'
conftest.c:115: error: 'newvar' undeclared (first use in this function)
conftest.c:115: error: (Each undeclared identifier is reported only once
conftest.c:115: error: for each function it appears in.)
conftest.c:125: error: 'for' loop initial declarations are only allowed in C99 mode
conftest.c:125: note: use option -std=c99 or -std=gnu99 to compile your code
configure:4280: $? = 1
configure: failed program was:
| /* confdefs.h */
| #define PACKAGE_NAME "spice"
| #define PACKAGE_TARNAME "spice"
| #define PACKAGE_VERSION "0.10.0"
| #define PACKAGE_STRING "spice 0.10.0"
| #define PACKAGE_BUGREPORT ""
| #define PACKAGE_URL ""
| #define PACKAGE "spice"
| #define VERSION "0.10.0"
| /* end confdefs.h.  */
| #include <stdarg.h>
| #include <stdbool.h>
| #include <stdlib.h>
| #include <wchar.h>
| #include <stdio.h>
| 
| // Check varargs macros.  These examples are taken from C99 6.10.3.5.
| #define debug(...) fprintf (stderr, __VA_ARGS__)
| #define showlist(...) puts (#__VA_ARGS__)
| #define report(test,...) ((test) ? puts (#test) : printf (__VA_ARGS__))
| static void
| test_varargs_macros (void)
| {
|   int x = 1234;
|   int y = 5678;
|   debug ("Flag");
|   debug ("X = %d\n", x);
|   showlist (The first, second, and third items.);
|   report (x>y, "x is %d but y is %d", x, y);
| }
| 
| // Check long long types.
| #define BIG64 18446744073709551615ull
| #define BIG32 4294967295ul
| #define BIG_OK (BIG64 / BIG32 == 4294967297ull && BIG64 % BIG32 == 0)
| #if !BIG_OK
|   your preprocessor is broken;
| #endif
| #if BIG_OK
| #else
|   your preprocessor is broken;
| #endif
| static long long int bignum = -9223372036854775807LL;
| static unsigned long long int ubignum = BIG64;
| 
| struct incomplete_array
| {
|   int datasize;
|   double data[];
| };
| 
| struct named_init {
|   int number;
|   const wchar_t *name;
|   double average;
| };
| 
| typedef const char *ccp;
| 
| static inline int
| test_restrict (ccp restrict text)
| {
|   // See if C++-style comments work.
|   // Iterate through items via the restricted pointer.
|   // Also check for declarations in for loops.
|   for (unsigned int i = 0; *(text+i) != '\0'; ++i)
|     continue;
|   return 0;
| }
| 
| // Check varargs and va_copy.
| static void
| test_varargs (const char *format, ...)
| {
|   va_list args;
|   va_start (args, format);
|   va_list args_copy;
|   va_copy (args_copy, args);
| 
|   const char *str;
|   int number;
|   float fnumber;
| 
|   while (*format)
|     {
|       switch (*format++)
| 	{
| 	case 's': // string
| 	  str = va_arg (args_copy, const char *);
| 	  break;
| 	case 'd': // int
| 	  number = va_arg (args_copy, int);
| 	  break;
| 	case 'f': // float
| 	  fnumber = va_arg (args_copy, double);
| 	  break;
| 	default:
| 	  break;
| 	}
|     }
|   va_end (args_copy);
|   va_end (args);
| }
| 
| int
| main ()
| {
| 
|   // Check bool.
|   _Bool success = false;
| 
|   // Check restrict.
|   if (test_restrict ("String literal") == 0)
|     success = true;
|   char *restrict newvar = "Another string";
| 
|   // Check varargs.
|   test_varargs ("s, d' f .", "string", 65, 34.234);
|   test_varargs_macros ();
| 
|   // Check flexible array members.
|   struct incomplete_array *ia =
|     malloc (sizeof (struct incomplete_array) + (sizeof (double) * 10));
|   ia->datasize = 10;
|   for (int i = 0; i < ia->datasize; ++i)
|     ia->data[i] = i * 1.234;
| 
|   // Check named initializers.
|   struct named_init ni = {
|     .number = 34,
|     .name = L"Test wide string",
|     .average = 543.34343,
|   };
| 
|   ni.number = 58;
| 
|   int dynamic_array[ni.number];
|   dynamic_array[ni.number - 1] = 543;
| 
|   // work around unused variable warnings
|   return (!success || bignum == 0LL || ubignum == 0uLL || newvar[0] == 'x'
| 	  || dynamic_array[ni.number - 1] != 543);
| 
|   ;
|   return 0;
| }
configure:4280: gcc -std=gnu99 -c -g -O2  conftest.c >&5
configure:4280: $? = 0
configure:4300: result: -std=gnu99
configure:4369: checking for g++
configure:4385: found /usr/bin/g++
configure:4396: result: g++
configure:4423: checking for C++ compiler version
configure:4432: g++ --version >&5
g++ (Ubuntu 4.4.3-4ubuntu5.1) 4.4.3
Copyright (C) 2009 Free Software Foundation, Inc.
This is free software; see the source for copying conditions.  There is NO
warranty; not even for MERCHANTABILITY or FITNESS FOR A PARTICULAR PURPOSE.

configure:4443: $? = 0
configure:4432: g++ -v >&5
Using built-in specs.
Target: i486-linux-gnu
Configured with: ../src/configure -v --with-pkgversion='Ubuntu 4.4.3-4ubuntu5.1' --with-bugurl=file:///usr/share/doc/gcc-4.4/README.Bugs --enable-languages=c,c++,fortran,objc,obj-c++ --prefix=/usr --enable-shared --enable-multiarch --enable-linker-build-id --with-system-zlib --libexecdir=/usr/lib --without-included-gettext --enable-threads=posix --with-gxx-include-dir=/usr/include/c++/4.4 --program-suffix=-4.4 --enable-nls --enable-clocale=gnu --enable-libstdcxx-debug --enable-plugin --enable-objc-gc --enable-targets=all --disable-werror --with-arch-32=i486 --with-tune=generic --enable-checking=release --build=i486-linux-gnu --host=i486-linux-gnu --target=i486-linux-gnu
Thread model: posix
gcc version 4.4.3 (Ubuntu 4.4.3-4ubuntu5.1) 
configure:4443: $? = 0
configure:4432: g++ -V >&5
g++: '-V' option must have argument
configure:4443: $? = 1
configure:4432: g++ -qversion >&5
g++: unrecognized option '-qversion'
g++: no input files
configure:4443: $? = 1
configure:4447: checking whether we are using the GNU C++ compiler
configure:4466: g++ -c   conftest.cpp >&5
configure:4466: $? = 0
configure:4475: result: yes
configure:4484: checking whether g++ accepts -g
configure:4504: g++ -c -g  conftest.cpp >&5
configure:4504: $? = 0
configure:4545: result: yes
configure:4570: checking dependency style of g++
configure:4680: result: gcc3
configure:4700: checking build system type
configure:4714: result: i686-pc-linux-gnu
configure:4734: checking host system type
configure:4747: result: i686-pc-linux-gnu
configure:4792: checking for a sed that does not truncate output
configure:4856: result: /bin/sed
configure:4874: checking for grep that handles long lines and -e
configure:4932: result: /bin/grep
configure:4937: checking for egrep
configure:4999: result: /bin/grep -E
configure:5004: checking for fgrep
configure:5066: result: /bin/grep -F
configure:5101: checking for ld used by gcc -std=gnu99
configure:5168: result: /usr/bin/ld
configure:5175: checking if the linker (/usr/bin/ld) is GNU ld
configure:5190: result: yes
configure:5202: checking for BSD- or MS-compatible name lister (nm)
configure:5251: result: /usr/bin/nm -B
configure:5369: checking the name lister (/usr/bin/nm -B) interface
configure:5376: gcc -std=gnu99 -c -g -O2  conftest.c >&5
configure:5379: /usr/bin/nm -B "conftest.o"
configure:5382: output
00000000 B some_variable
configure:5389: result: BSD nm
configure:5392: checking whether ln -s works
configure:5396: result: yes
configure:5404: checking the maximum length of command line arguments
configure:5524: result: 1572864
configure:5541: checking whether the shell understands some XSI constructs
configure:5551: result: yes
configure:5555: checking whether the shell understands "+="
configure:5561: result: yes
configure:5596: checking for /usr/bin/ld option to reload object files
configure:5603: result: -r
configure:5672: checking for objdump
configure:5688: found /usr/bin/objdump
configure:5699: result: objdump
configure:5731: checking how to recognize dependent libraries
configure:5927: result: pass_all
configure:5987: checking for ar
configure:6003: found /usr/bin/ar
configure:6014: result: ar
configure:6092: checking for strip
configure:6108: found /usr/bin/strip
configure:6119: result: strip
configure:6191: checking for ranlib
configure:6207: found /usr/bin/ranlib
configure:6218: result: ranlib
configure:6308: checking command to parse /usr/bin/nm -B output from gcc -std=gnu99 object
configure:6426: gcc -std=gnu99 -c -g -O2  conftest.c >&5
configure:6429: $? = 0
configure:6433: /usr/bin/nm -B conftest.o \| sed -n -e 's/^.*[	 ]\([ABCDGIRSTW][ABCDGIRSTW]*\)[	 ][	 ]*\([_A-Za-z][_A-Za-z0-9]*\)$/\1 \2 \2/p' \> conftest.nm
configure:6436: $? = 0
configure:6490: gcc -std=gnu99 -o conftest -g -O2   conftest.c conftstm.o >&5
configure:6493: $? = 0
configure:6531: result: ok
configure:7340: checking how to run the C preprocessor
configure:7371: gcc -std=gnu99 -E  conftest.c
configure:7371: $? = 0
configure:7385: gcc -std=gnu99 -E  conftest.c
conftest.c:11:28: error: ac_nonexistent.h: No such file or directory
configure:7385: $? = 1
configure: failed program was:
| /* confdefs.h */
| #define PACKAGE_NAME "spice"
| #define PACKAGE_TARNAME "spice"
| #define PACKAGE_VERSION "0.10.0"
| #define PACKAGE_STRING "spice 0.10.0"
| #define PACKAGE_BUGREPORT ""
| #define PACKAGE_URL ""
| #define PACKAGE "spice"
| #define VERSION "0.10.0"
| /* end confdefs.h.  */
| #include <ac_nonexistent.h>
configure:7410: result: gcc -std=gnu99 -E
configure:7430: gcc -std=gnu99 -E  conftest.c
configure:7430: $? = 0
configure:7444: gcc -std=gnu99 -E  conftest.c
conftest.c:11:28: error: ac_nonexistent.h: No such file or directory
configure:7444: $? = 1
configure: failed program was:
| /* confdefs.h */
| #define PACKAGE_NAME "spice"
| #define PACKAGE_TARNAME "spice"
| #define PACKAGE_VERSION "0.10.0"
| #define PACKAGE_STRING "spice 0.10.0"
| #define PACKAGE_BUGREPORT ""
| #define PACKAGE_URL ""
| #define PACKAGE "spice"
| #define VERSION "0.10.0"
| /* end confdefs.h.  */
| #include <ac_nonexistent.h>
configure:7473: checking for ANSI C header files
configure:7493: gcc -std=gnu99 -c -g -O2  conftest.c >&5
configure:7493: $? = 0
configure:7566: gcc -std=gnu99 -o conftest -g -O2   conftest.c  >&5
configure:7566: $? = 0
configure:7566: ./conftest
configure:7566: $? = 0
configure:7577: result: yes
configure:7590: checking for sys/types.h
configure:7590: gcc -std=gnu99 -c -g -O2  conftest.c >&5
configure:7590: $? = 0
configure:7590: result: yes
configure:7590: checking for sys/stat.h
configure:7590: gcc -std=gnu99 -c -g -O2  conftest.c >&5
configure:7590: $? = 0
configure:7590: result: yes
configure:7590: checking for stdlib.h
configure:7590: gcc -std=gnu99 -c -g -O2  conftest.c >&5
configure:7590: $? = 0
configure:7590: result: yes
configure:7590: checking for string.h
configure:7590: gcc -std=gnu99 -c -g -O2  conftest.c >&5
configure:7590: $? = 0
configure:7590: result: yes
configure:7590: checking for memory.h
configure:7590: gcc -std=gnu99 -c -g -O2  conftest.c >&5
configure:7590: $? = 0
configure:7590: result: yes
configure:7590: checking for strings.h
configure:7590: gcc -std=gnu99 -c -g -O2  conftest.c >&5
configure:7590: $? = 0
configure:7590: result: yes
configure:7590: checking for inttypes.h
configure:7590: gcc -std=gnu99 -c -g -O2  conftest.c >&5
configure:7590: $? = 0
configure:7590: result: yes
configure:7590: checking for stdint.h
configure:7590: gcc -std=gnu99 -c -g -O2  conftest.c >&5
configure:7590: $? = 0
configure:7590: result: yes
configure:7590: checking for unistd.h
configure:7590: gcc -std=gnu99 -c -g -O2  conftest.c >&5
configure:7590: $? = 0
configure:7590: result: yes
configure:7605: checking for dlfcn.h
configure:7605: gcc -std=gnu99 -c -g -O2  conftest.c >&5
configure:7605: $? = 0
configure:7605: result: yes
configure:7730: checking for C++ compiler version
configure:7739: g++ --version >&5
g++ (Ubuntu 4.4.3-4ubuntu5.1) 4.4.3
Copyright (C) 2009 Free Software Foundation, Inc.
This is free software; see the source for copying conditions.  There is NO
warranty; not even for MERCHANTABILITY or FITNESS FOR A PARTICULAR PURPOSE.

configure:7750: $? = 0
configure:7739: g++ -v >&5
Using built-in specs.
Target: i486-linux-gnu
Configured with: ../src/configure -v --with-pkgversion='Ubuntu 4.4.3-4ubuntu5.1' --with-bugurl=file:///usr/share/doc/gcc-4.4/README.Bugs --enable-languages=c,c++,fortran,objc,obj-c++ --prefix=/usr --enable-shared --enable-multiarch --enable-linker-build-id --with-system-zlib --libexecdir=/usr/lib --without-included-gettext --enable-threads=posix --with-gxx-include-dir=/usr/include/c++/4.4 --program-suffix=-4.4 --enable-nls --enable-clocale=gnu --enable-libstdcxx-debug --enable-plugin --enable-objc-gc --enable-targets=all --disable-werror --with-arch-32=i486 --with-tune=generic --enable-checking=release --build=i486-linux-gnu --host=i486-linux-gnu --target=i486-linux-gnu
Thread model: posix
gcc version 4.4.3 (Ubuntu 4.4.3-4ubuntu5.1) 
configure:7750: $? = 0
configure:7739: g++ -V >&5
g++: '-V' option must have argument
configure:7750: $? = 1
configure:7739: g++ -qversion >&5
g++: unrecognized option '-qversion'
g++: no input files
configure:7750: $? = 1
configure:7754: checking whether we are using the GNU C++ compiler
configure:7782: result: yes
configure:7791: checking whether g++ accepts -g
configure:7852: result: yes
configure:7877: checking dependency style of g++
configure:7987: result: gcc3
configure:8010: checking how to run the C++ preprocessor
configure:8037: g++ -E  conftest.cpp
configure:8037: $? = 0
configure:8051: g++ -E  conftest.cpp
conftest.cpp:22:28: error: ac_nonexistent.h: No such file or directory
configure:8051: $? = 1
configure: failed program was:
| /* confdefs.h */
| #define PACKAGE_NAME "spice"
| #define PACKAGE_TARNAME "spice"
| #define PACKAGE_VERSION "0.10.0"
| #define PACKAGE_STRING "spice 0.10.0"
| #define PACKAGE_BUGREPORT ""
| #define PACKAGE_URL ""
| #define PACKAGE "spice"
| #define VERSION "0.10.0"
| #define STDC_HEADERS 1
| #define HAVE_SYS_TYPES_H 1
| #define HAVE_SYS_STAT_H 1
| #define HAVE_STDLIB_H 1
| #define HAVE_STRING_H 1
| #define HAVE_MEMORY_H 1
| #define HAVE_STRINGS_H 1
| #define HAVE_INTTYPES_H 1
| #define HAVE_STDINT_H 1
| #define HAVE_UNISTD_H 1
| #define HAVE_DLFCN_H 1
| /* end confdefs.h.  */
| #include <ac_nonexistent.h>
configure:8076: result: g++ -E
configure:8096: g++ -E  conftest.cpp
configure:8096: $? = 0
configure:8110: g++ -E  conftest.cpp
conftest.cpp:22:28: error: ac_nonexistent.h: No such file or directory
configure:8110: $? = 1
configure: failed program was:
| /* confdefs.h */
| #define PACKAGE_NAME "spice"
| #define PACKAGE_TARNAME "spice"
| #define PACKAGE_VERSION "0.10.0"
| #define PACKAGE_STRING "spice 0.10.0"
| #define PACKAGE_BUGREPORT ""
| #define PACKAGE_URL ""
| #define PACKAGE "spice"
| #define VERSION "0.10.0"
| #define STDC_HEADERS 1
| #define HAVE_SYS_TYPES_H 1
| #define HAVE_SYS_STAT_H 1
| #define HAVE_STDLIB_H 1
| #define HAVE_STRING_H 1
| #define HAVE_MEMORY_H 1
| #define HAVE_STRINGS_H 1
| #define HAVE_INTTYPES_H 1
| #define HAVE_STDINT_H 1
| #define HAVE_UNISTD_H 1
| #define HAVE_DLFCN_H 1
| /* end confdefs.h.  */
| #include <ac_nonexistent.h>
configure:8316: checking for objdir
configure:8331: result: .libs
configure:8623: checking if gcc -std=gnu99 supports -fno-rtti -fno-exceptions
configure:8641: gcc -std=gnu99 -c -g -O2  -fno-rtti -fno-exceptions conftest.c >&5
cc1: warning: command line option "-fno-rtti" is valid for C++/ObjC++ but not for C
configure:8645: $? = 0
configure:8658: result: no
configure:8678: checking for gcc -std=gnu99 option to produce PIC
configure:8950: result: -fPIC -DPIC
configure:8962: checking if gcc -std=gnu99 PIC flag -fPIC -DPIC works
configure:8980: gcc -std=gnu99 -c -g -O2  -fPIC -DPIC -DPIC conftest.c >&5
configure:8984: $? = 0
configure:8997: result: yes
configure:9021: checking if gcc -std=gnu99 static flag -static works
configure:9049: result: yes
configure:9064: checking if gcc -std=gnu99 supports -c -o file.o
configure:9085: gcc -std=gnu99 -c -g -O2  -o out/conftest2.o conftest.c >&5
configure:9089: $? = 0
configure:9111: result: yes
configure:9119: checking if gcc -std=gnu99 supports -c -o file.o
configure:9166: result: yes
configure:9199: checking whether the gcc -std=gnu99 linker (/usr/bin/ld) supports shared libraries
configure:10185: result: yes
configure:10222: checking whether -lc should be explicitly linked in
configure:10227: gcc -std=gnu99 -c -g -O2  conftest.c >&5
configure:10230: $? = 0
configure:10245: gcc -std=gnu99 -shared conftest.o  -v -Wl,-soname -Wl,conftest -o conftest 2\>\&1 \| /bin/grep  -lc  \>/dev/null 2\>\&1
configure:10248: $? = 0
configure:10260: result: no
configure:10424: checking dynamic linker characteristics
configure:10857: gcc -std=gnu99 -o conftest -g -O2   -Wl,-rpath -Wl,/foo conftest.c  >&5
configure:10857: $? = 0
configure:11078: result: GNU/Linux ld.so
configure:11180: checking how to hardcode library paths into programs
configure:11205: result: immediate
configure:11725: checking whether stripping libraries is possible
configure:11730: result: yes
configure:11765: checking if libtool supports shared libraries
configure:11767: result: yes
configure:11770: checking whether to build shared libraries
configure:11791: result: yes
configure:11794: checking whether to build static libraries
configure:11798: result: yes
configure:11948: checking for ld used by g++
configure:12015: result: /usr/bin/ld
configure:12022: checking if the linker (/usr/bin/ld) is GNU ld
configure:12037: result: yes
configure:12092: checking whether the g++ linker (/usr/bin/ld) supports shared libraries
configure:13005: result: yes
configure:13033: g++ -c -g -O2  conftest.cpp >&5
configure:13036: $? = 0
configure:13218: checking for g++ option to produce PIC
configure:13535: result: -fPIC -DPIC
configure:13544: checking if g++ PIC flag -fPIC -DPIC works
configure:13562: g++ -c -g -O2  -fPIC -DPIC -DPIC conftest.cpp >&5
configure:13566: $? = 0
configure:13579: result: yes
configure:13600: checking if g++ static flag -static works
configure:13628: result: yes
configure:13640: checking if g++ supports -c -o file.o
configure:13661: g++ -c -g -O2  -o out/conftest2.o conftest.cpp >&5
configure:13665: $? = 0
configure:13687: result: yes
configure:13692: checking if g++ supports -c -o file.o
configure:13739: result: yes
configure:13769: checking whether the g++ linker (/usr/bin/ld) supports shared libraries
configure:13795: result: yes
configure:13932: checking dynamic linker characteristics
configure:14313: g++ -o conftest -g -O2   -Wl,-rpath -Wl,/foo conftest.cpp  >&5
configure:14313: $? = 0
configure:14534: result: GNU/Linux ld.so
configure:14585: checking how to hardcode library paths into programs
configure:14610: result: immediate
configure:14669: checking whether gcc -std=gnu99 and cc understand -c and -o together
configure:14700: gcc -std=gnu99 -c conftest.c -o conftest2.o >&5
configure:14704: $? = 0
configure:14710: gcc -std=gnu99 -c conftest.c -o conftest2.o >&5
configure:14714: $? = 0
configure:14725: cc -c conftest.c >&5
configure:14729: $? = 0
configure:14737: cc -c conftest.c -o conftest2.o >&5
configure:14741: $? = 0
configure:14747: cc -c conftest.c -o conftest2.o >&5
configure:14751: $? = 0
configure:14769: result: yes
configure:14794: checking whether byte ordering is bigendian
configure:14809: gcc -std=gnu99 -c -g -O2  conftest.c >&5
conftest.c:24: error: expected '=', ',', ';', 'asm' or '__attribute__' before 'a'
configure:14809: $? = 1
configure: failed program was:
| /* confdefs.h */
| #define PACKAGE_NAME "spice"
| #define PACKAGE_TARNAME "spice"
| #define PACKAGE_VERSION "0.10.0"
| #define PACKAGE_STRING "spice 0.10.0"
| #define PACKAGE_BUGREPORT ""
| #define PACKAGE_URL ""
| #define PACKAGE "spice"
| #define VERSION "0.10.0"
| #define STDC_HEADERS 1
| #define HAVE_SYS_TYPES_H 1
| #define HAVE_SYS_STAT_H 1
| #define HAVE_STDLIB_H 1
| #define HAVE_STRING_H 1
| #define HAVE_MEMORY_H 1
| #define HAVE_STRINGS_H 1
| #define HAVE_INTTYPES_H 1
| #define HAVE_STDINT_H 1
| #define HAVE_UNISTD_H 1
| #define HAVE_DLFCN_H 1
| #define LT_OBJDIR ".libs/"
| /* end confdefs.h.  */
| #ifndef __APPLE_CC__
| 	       not a universal capable compiler
| 	     #endif
| 	     typedef int dummy;
| 
configure:14854: gcc -std=gnu99 -c -g -O2  conftest.c >&5
configure:14854: $? = 0
configure:14872: gcc -std=gnu99 -c -g -O2  conftest.c >&5
conftest.c: In function 'main':
conftest.c:30: error: 'not' undeclared (first use in this function)
conftest.c:30: error: (Each undeclared identifier is reported only once
conftest.c:30: error: for each function it appears in.)
conftest.c:30: error: expected ';' before 'big'
configure:14872: $? = 1
configure: failed program was:
| /* confdefs.h */
| #define PACKAGE_NAME "spice"
| #define PACKAGE_TARNAME "spice"
| #define PACKAGE_VERSION "0.10.0"
| #define PACKAGE_STRING "spice 0.10.0"
| #define PACKAGE_BUGREPORT ""
| #define PACKAGE_URL ""
| #define PACKAGE "spice"
| #define VERSION "0.10.0"
| #define STDC_HEADERS 1
| #define HAVE_SYS_TYPES_H 1
| #define HAVE_SYS_STAT_H 1
| #define HAVE_STDLIB_H 1
| #define HAVE_STRING_H 1
| #define HAVE_MEMORY_H 1
| #define HAVE_STRINGS_H 1
| #define HAVE_INTTYPES_H 1
| #define HAVE_STDINT_H 1
| #define HAVE_UNISTD_H 1
| #define HAVE_DLFCN_H 1
| #define LT_OBJDIR ".libs/"
| /* end confdefs.h.  */
| #include <sys/types.h>
| 		#include <sys/param.h>
| 
| int
| main ()
| {
| #if BYTE_ORDER != BIG_ENDIAN
| 		 not big endian
| 		#endif
| 
|   ;
|   return 0;
| }
configure:15000: result: no
configure:15022: checking for python2
configure:15040: found /usr/bin/python2
configure:15052: result: /usr/bin/python2
configure:15066: checking sys/time.h usability
configure:15066: gcc -std=gnu99 -c -g -O2  conftest.c >&5
configure:15066: $? = 0
configure:15066: result: yes
configure:15066: checking sys/time.h presence
configure:15066: gcc -std=gnu99 -E  conftest.c
configure:15066: $? = 0
configure:15066: result: yes
configure:15066: checking for sys/time.h
configure:15066: result: yes
configure:15078: checking execinfo.h usability
configure:15078: gcc -std=gnu99 -c -g -O2  conftest.c >&5
configure:15078: $? = 0
configure:15078: result: yes
configure:15078: checking execinfo.h presence
configure:15078: gcc -std=gnu99 -E  conftest.c
configure:15078: $? = 0
configure:15078: result: yes
configure:15078: checking for execinfo.h
configure:15078: result: yes
configure:15090: checking for working alloca.h
configure:15107: gcc -std=gnu99 -o conftest -g -O2   conftest.c  >&5
configure:15107: $? = 0
configure:15115: result: yes
configure:15123: checking for alloca
configure:15160: gcc -std=gnu99 -o conftest -g -O2   conftest.c  >&5
configure:15160: $? = 0
configure:15168: result: yes
configure:15284: checking for x86 or x86-64 platform
configure:15299: result: 32 bit
configure:15310: checking for native Win32
configure:15320: result: no
configure:15330: checking for some Win32 platform
configure:15340: result: no
configure:15624: checking for pkg-config
configure:15642: found /usr/bin/pkg-config
configure:15654: result: /usr/bin/pkg-config
configure:15679: checking pkg-config is at least version 0.9.0
configure:15682: result: yes
configure:15693: checking for PROTOCOL
configure:15700: $PKG_CONFIG --exists --print-errors "spice-protocol >= 0.9.1"
configure:15703: $? = 0
configure:15716: $PKG_CONFIG --exists --print-errors "spice-protocol >= 0.9.1"
configure:15719: $? = 0
configure:15773: result: yes
configure:15867: checking for cos in -lm
configure:15892: gcc -std=gnu99 -o conftest -g -O2   conftest.c -lm   >&5
conftest.c:35: warning: conflicting types for built-in function 'cos'
configure:15892: $? = 0
configure:15901: result: yes
configure:15913: checking for clock_gettime in -lrt
configure:15938: gcc -std=gnu99 -o conftest -g -O2   conftest.c -lrt   >&5
configure:15938: $? = 0
configure:15947: result: yes
configure:15965: checking for posix yield function
configure:15982: gcc -std=gnu99 -o conftest -g -O2   -pthread -lm -lrt  conftest.c  >&5
conftest.c: In function 'main':
conftest.c:33: warning: implicit declaration of function 'pthread_yield'
configure:15982: $? = 0
configure:15993: result: pthread_yield
configure:16534: checking for PIXMAN
configure:16541: $PKG_CONFIG --exists --print-errors "pixman-1 >= 0.17.7"
configure:16544: $? = 0
configure:16557: $PKG_CONFIG --exists --print-errors "pixman-1 >= 0.17.7"
configure:16560: $? = 0
configure:16614: result: yes
configure:16624: checking for CELT051
configure:16631: $PKG_CONFIG --exists --print-errors "celt051 >= 0.5.1.1"
configure:16634: $? = 0
configure:16647: $PKG_CONFIG --exists --print-errors "celt051 >= 0.5.1.1"
configure:16650: $? = 0
configure:16704: result: yes
configure:16729: checking for ALSA
configure:16736: $PKG_CONFIG --exists --print-errors "alsa"
configure:16739: $? = 0
configure:16752: $PKG_CONFIG --exists --print-errors "alsa"
configure:16755: $? = 0
configure:16809: result: yes
configure:16819: checking for SSL
configure:16826: $PKG_CONFIG --exists --print-errors "openssl"
configure:16829: $? = 0
configure:16842: $PKG_CONFIG --exists --print-errors "openssl"
configure:16845: $? = 0
configure:16899: result: yes
configure:17018: checking for XRANDR
configure:17025: $PKG_CONFIG --exists --print-errors "xrandr"
configure:17028: $? = 0
configure:17041: $PKG_CONFIG --exists --print-errors "xrandr"
configure:17044: $? = 0
configure:17098: result: yes
configure:17104: checking for XFIXES
configure:17111: $PKG_CONFIG --exists --print-errors "xfixes"
configure:17114: $? = 0
configure:17127: $PKG_CONFIG --exists --print-errors "xfixes"
configure:17130: $? = 0
configure:17184: result: yes
configure:17193: checking for XRANDR12
configure:17200: $PKG_CONFIG --exists --print-errors "xrandr >= 1.2"
configure:17203: $? = 0
configure:17216: $PKG_CONFIG --exists --print-errors "xrandr >= 1.2"
configure:17219: $? = 0
configure:17254: result: yes
configure:17279: checking for MISC_X
configure:17286: $PKG_CONFIG --exists --print-errors "x11 xext xrender"
configure:17289: $? = 0
configure:17302: $PKG_CONFIG --exists --print-errors "x11 xext xrender"
configure:17305: $? = 0
configure:17359: result: yes
configure:17380: checking for jpeg_destroy_decompress in -ljpeg
configure:17405: gcc -std=gnu99 -o conftest -g -O2   -pthread -lm -lrt  conftest.c -ljpeg   >&5
configure:17405: $? = 0
configure:17414: result: yes
configure:17417: checking for jpeglib.h
configure:17427: gcc -std=gnu99 -E   -pthread -lm -lrt conftest.c
configure:17427: $? = 0
configure:17429: result: 
configure:17441: checking for deflate in -lz
configure:17466: gcc -std=gnu99 -o conftest -g -O2   -pthread -lm -lrt  conftest.c -lz   >&5
configure:17466: $? = 0
configure:17475: result: yes
configure:17507: checking sasl/sasl.h usability
configure:17507: gcc -std=gnu99 -c -g -O2    -pthread -lm -lrt conftest.c >&5
configure:17507: $? = 0
configure:17507: result: yes
configure:17507: checking sasl/sasl.h presence
configure:17507: gcc -std=gnu99 -E   -pthread -lm -lrt conftest.c
configure:17507: $? = 0
configure:17507: result: yes
configure:17507: checking for sasl/sasl.h
configure:17507: result: yes
configure:17521: checking for sasl_client_init in -lsasl2
configure:17546: gcc -std=gnu99 -o conftest -g -O2    -pthread -lm -lrt  conftest.c -lsasl2    >&5
configure:17546: $? = 0
configure:17555: result: yes
configure:17670: checking for supported warning flags
configure:17692: checking whether gcc -std=gnu99 supports -Wall
configure:17702: gcc -std=gnu99 -c -g -O2 -Wall   -pthread -lm -lrt conftest.c >&5
configure:17702: $? = 0
configure:17715: result: yes
configure:17692: checking whether gcc -std=gnu99 supports -Wno-sign-compare
configure:17702: gcc -std=gnu99 -c -g -O2 -Wno-sign-compare   -pthread -lm -lrt conftest.c >&5
configure:17702: $? = 0
configure:17715: result: yes
configure:17692: checking whether gcc -std=gnu99 supports -Wno-deprecated-declarations
configure:17702: gcc -std=gnu99 -c -g -O2 -Wno-deprecated-declarations   -pthread -lm -lrt conftest.c >&5
configure:17702: $? = 0
configure:17715: result: yes
configure:17752: checking which warning flags were supported
configure:17755: result:  -Wall -Wno-sign-compare -Wno-deprecated-declarations
configure:17845: checking for -fvisibility
configure:17857: gcc -std=gnu99 -c -g -O2   -pthread -lm -lrt conftest.c >&5
configure:17857: $? = 0
configure:17865: result: yes
configure:18081: creating ./config.status

## ---------------------- ##
## Running config.status. ##
## ---------------------- ##

This file was extended by spice config.status 0.10.0, which was
generated by GNU Autoconf 2.65.  Invocation command line was

  CONFIG_FILES    = 
  CONFIG_HEADERS  = 
  CONFIG_LINKS    = 
  CONFIG_COMMANDS = 
  $ ./config.status 

on zhwe-desktop

config.status:1228: creating Makefile
config.status:1228: creating spice-server.pc
config.status:1228: creating common/Makefile
config.status:1228: creating common/win/Makefile
config.status:1228: creating common/win/my_getopt-1.5/Makefile
config.status:1228: creating python_modules/Makefile
config.status:1228: creating server/Makefile
config.status:1228: creating server/tests/Makefile
config.status:1228: creating client/Makefile
config.status:1228: creating config.h
config.status:1400: config.h is unchanged
config.status:1448: executing depfiles commands
config.status:1448: executing libtool commands

## ---------------- ##
## Cache variables. ##
## ---------------- ##

ac_cv_build=i686-pc-linux-gnu
ac_cv_c_bigendian=no
ac_cv_c_compiler_gnu=yes
ac_cv_cxx_compiler_gnu=yes
ac_cv_env_ALSA_CFLAGS_set=
ac_cv_env_ALSA_CFLAGS_value=
ac_cv_env_ALSA_LIBS_set=
ac_cv_env_ALSA_LIBS_value=
ac_cv_env_CAC_CARD_CFLAGS_set=
ac_cv_env_CAC_CARD_CFLAGS_value=
ac_cv_env_CAC_CARD_LIBS_set=
ac_cv_env_CAC_CARD_LIBS_value=
ac_cv_env_CCC_set=
ac_cv_env_CCC_value=
ac_cv_env_CC_set=
ac_cv_env_CC_value=
ac_cv_env_CEGUI06_CFLAGS_set=
ac_cv_env_CEGUI06_CFLAGS_value=
ac_cv_env_CEGUI06_LIBS_set=
ac_cv_env_CEGUI06_LIBS_value=
ac_cv_env_CEGUI_CFLAGS_set=
ac_cv_env_CEGUI_CFLAGS_value=
ac_cv_env_CEGUI_LIBS_set=
ac_cv_env_CEGUI_LIBS_value=
ac_cv_env_CELT051_CFLAGS_set=
ac_cv_env_CELT051_CFLAGS_value=
ac_cv_env_CELT051_LIBS_set=
ac_cv_env_CELT051_LIBS_value=
ac_cv_env_CFLAGS_set=
ac_cv_env_CFLAGS_value=
ac_cv_env_CPPFLAGS_set=
ac_cv_env_CPPFLAGS_value=
ac_cv_env_CPP_set=
ac_cv_env_CPP_value=
ac_cv_env_CXXCPP_set=
ac_cv_env_CXXCPP_value=
ac_cv_env_CXXFLAGS_set=
ac_cv_env_CXXFLAGS_value=
ac_cv_env_CXX_set=
ac_cv_env_CXX_value=
ac_cv_env_LDFLAGS_set=
ac_cv_env_LDFLAGS_value=
ac_cv_env_LIBS_set=
ac_cv_env_LIBS_value=
ac_cv_env_MISC_X_CFLAGS_set=
ac_cv_env_MISC_X_CFLAGS_value=
ac_cv_env_MISC_X_LIBS_set=
ac_cv_env_MISC_X_LIBS_value=
ac_cv_env_PIXMAN_CFLAGS_set=
ac_cv_env_PIXMAN_CFLAGS_value=
ac_cv_env_PIXMAN_LIBS_set=
ac_cv_env_PIXMAN_LIBS_value=
ac_cv_env_PKG_CONFIG_set=
ac_cv_env_PKG_CONFIG_value=
ac_cv_env_PROTOCOL_CFLAGS_set=
ac_cv_env_PROTOCOL_CFLAGS_value=
ac_cv_env_PROTOCOL_LIBS_set=
ac_cv_env_PROTOCOL_LIBS_value=
ac_cv_env_SLIRP_CFLAGS_set=
ac_cv_env_SLIRP_CFLAGS_value=
ac_cv_env_SLIRP_LIBS_set=
ac_cv_env_SLIRP_LIBS_value=
ac_cv_env_SSL_CFLAGS_set=
ac_cv_env_SSL_CFLAGS_value=
ac_cv_env_SSL_LIBS_set=
ac_cv_env_SSL_LIBS_value=
ac_cv_env_USBREDIR_CFLAGS_set=
ac_cv_env_USBREDIR_CFLAGS_value=
ac_cv_env_USBREDIR_LIBS_set=
ac_cv_env_USBREDIR_LIBS_value=
ac_cv_env_XFIXES_CFLAGS_set=
ac_cv_env_XFIXES_CFLAGS_value=
ac_cv_env_XFIXES_LIBS_set=
ac_cv_env_XFIXES_LIBS_value=
ac_cv_env_XRANDR12_CFLAGS_set=
ac_cv_env_XRANDR12_CFLAGS_value=
ac_cv_env_XRANDR12_LIBS_set=
ac_cv_env_XRANDR12_LIBS_value=
ac_cv_env_XRANDR_CFLAGS_set=
ac_cv_env_XRANDR_CFLAGS_value=
ac_cv_env_XRANDR_LIBS_set=
ac_cv_env_XRANDR_LIBS_value=
ac_cv_env_build_alias_set=
ac_cv_env_build_alias_value=
ac_cv_env_host_alias_set=
ac_cv_env_host_alias_value=
ac_cv_env_target_alias_set=
ac_cv_env_target_alias_value=
ac_cv_func_alloca_works=yes
ac_cv_header_dlfcn_h=yes
ac_cv_header_execinfo_h=yes
ac_cv_header_inttypes_h=yes
ac_cv_header_memory_h=yes
ac_cv_header_sasl_sasl_h=yes
ac_cv_header_stdc=yes
ac_cv_header_stdint_h=yes
ac_cv_header_stdlib_h=yes
ac_cv_header_string_h=yes
ac_cv_header_strings_h=yes
ac_cv_header_sys_stat_h=yes
ac_cv_header_sys_time_h=yes
ac_cv_header_sys_types_h=yes
ac_cv_header_unistd_h=yes
ac_cv_host=i686-pc-linux-gnu
ac_cv_lib_jpeg_jpeg_destroy_decompress=yes
ac_cv_lib_m_cos=yes
ac_cv_lib_rt_clock_gettime=yes
ac_cv_lib_sasl2_sasl_client_init=yes
ac_cv_lib_z_deflate=yes
ac_cv_objext=o
ac_cv_path_EGREP='/bin/grep -E'
ac_cv_path_FGREP='/bin/grep -F'
ac_cv_path_GREP=/bin/grep
ac_cv_path_PYTHON=/usr/bin/python2
ac_cv_path_SED=/bin/sed
ac_cv_path_ac_pt_PKG_CONFIG=/usr/bin/pkg-config
ac_cv_path_install='/usr/bin/install -c'
ac_cv_path_mkdir=/bin/mkdir
ac_cv_prog_AWK=gawk
ac_cv_prog_CPP='gcc -std=gnu99 -E'
ac_cv_prog_CXXCPP='g++ -E'
ac_cv_prog_ac_ct_AR=ar
ac_cv_prog_ac_ct_CC=gcc
ac_cv_prog_ac_ct_CXX=g++
ac_cv_prog_ac_ct_OBJDUMP=objdump
ac_cv_prog_ac_ct_RANLIB=ranlib
ac_cv_prog_ac_ct_STRIP=strip
ac_cv_prog_cc_c89=
ac_cv_prog_cc_c99=-std=gnu99
ac_cv_prog_cc_g=yes
ac_cv_prog_cc_gcc_c_o=yes
ac_cv_prog_cxx_g=yes
ac_cv_prog_make_make_set=yes
ac_cv_working_alloca_h=yes
am_cv_CC_dependencies_compiler_type=gcc3
am_cv_CXX_dependencies_compiler_type=gcc3
lt_cv_deplibs_check_method=pass_all
lt_cv_file_magic_cmd='$MAGIC_CMD'
lt_cv_file_magic_test_file=
lt_cv_ld_reload_flag=-r
lt_cv_nm_interface='BSD nm'
lt_cv_objdir=.libs
lt_cv_path_LD=/usr/bin/ld
lt_cv_path_LDCXX=/usr/bin/ld
lt_cv_path_NM='/usr/bin/nm -B'
lt_cv_prog_compiler_c_o=yes
lt_cv_prog_compiler_c_o_CXX=yes
lt_cv_prog_compiler_pic_works=yes
lt_cv_prog_compiler_pic_works_CXX=yes
lt_cv_prog_compiler_rtti_exceptions=no
lt_cv_prog_compiler_static_works=yes
lt_cv_prog_compiler_static_works_CXX=yes
lt_cv_prog_gnu_ld=yes
lt_cv_prog_gnu_ldcxx=yes
lt_cv_sys_global_symbol_pipe='sed -n -e '\''s/^.*[	 ]\([ABCDGIRSTW][ABCDGIRSTW]*\)[	 ][	 ]*\([_A-Za-z][_A-Za-z0-9]*\)$/\1 \2 \2/p'\'''
lt_cv_sys_global_symbol_to_c_name_address='sed -n -e '\''s/^: \([^ ]*\) $/  {\"\1\", (void *) 0},/p'\'' -e '\''s/^[ABCDGIRSTW]* \([^ ]*\) \([^ ]*\)$/  {"\2", (void *) \&\2},/p'\'''
lt_cv_sys_global_symbol_to_c_name_address_lib_prefix='sed -n -e '\''s/^: \([^ ]*\) $/  {\"\1\", (void *) 0},/p'\'' -e '\''s/^[ABCDGIRSTW]* \([^ ]*\) \(lib[^ ]*\)$/  {"\2", (void *) \&\2},/p'\'' -e '\''s/^[ABCDGIRSTW]* \([^ ]*\) \([^ ]*\)$/  {"lib\2", (void *) \&\2},/p'\'''
lt_cv_sys_global_symbol_to_cdecl='sed -n -e '\''s/^T .* \(.*\)$/extern int \1();/p'\'' -e '\''s/^[ABCDGIRSTW]* .* \(.*\)$/extern char \1;/p'\'''
lt_cv_sys_max_cmd_len=1572864
pkg_cv_ALSA_CFLAGS='-I/usr/include/alsa  '
pkg_cv_ALSA_LIBS='-lasound  '
pkg_cv_CELT051_CFLAGS='-I/usr/local/include  '
pkg_cv_CELT051_LIBS='-L/usr/local/lib -lcelt051 -lm  '
pkg_cv_MISC_X_CFLAGS=' '
pkg_cv_MISC_X_LIBS='-lXext -lXrender -lX11  '
pkg_cv_PIXMAN_CFLAGS='-I/usr/local/include/pixman-1  '
pkg_cv_PIXMAN_LIBS='-L/usr/local/lib -lpixman-1  '
pkg_cv_PROTOCOL_CFLAGS='-I/usr/local/include/spice-1  '
pkg_cv_PROTOCOL_LIBS=' '
pkg_cv_SSL_CFLAGS=' '
pkg_cv_SSL_LIBS='-lssl -lcrypto  '
pkg_cv_XFIXES_CFLAGS=' '
pkg_cv_XFIXES_LIBS='-lXfixes  '
pkg_cv_XRANDR12_CFLAGS=' '
pkg_cv_XRANDR12_LIBS='-lXrandr  '
pkg_cv_XRANDR_CFLAGS=' '
pkg_cv_XRANDR_LIBS='-lXrandr  '
spice_cv_warn_cflags=' -Wall -Wno-sign-compare -Wno-deprecated-declarations'
spice_cv_warn_maybe='-Wall -Wno-sign-compare -Wno-deprecated-declarations'

## ----------------- ##
## Output variables. ##
## ----------------- ##

ACLOCAL='${SHELL} /home/new/spice-0.10.0.new/missing --run aclocal-1.11'
ALLOCA=''
ALSA_CFLAGS='-I/usr/include/alsa  '
ALSA_LIBS='-lasound  '
AMDEPBACKSLASH='\'
AMDEP_FALSE='#'
AMDEP_TRUE=''
AMTAR='${SHELL} /home/new/spice-0.10.0.new/missing --run tar'
AM_BACKSLASH='\'
AM_DEFAULT_VERBOSITY='0'
AR='ar'
AUTOCONF='${SHELL} /home/new/spice-0.10.0.new/missing --run autoconf'
AUTOHEADER='${SHELL} /home/new/spice-0.10.0.new/missing --run autoheader'
AUTOMAKE='${SHELL} /home/new/spice-0.10.0.new/missing --run automake-1.11'
AWK='gawk'
CAC_CARD_CFLAGS=''
CAC_CARD_LIBS=''
CC='gcc -std=gnu99'
CCDEPMODE='depmode=gcc3'
CEGUI06_CFLAGS=''
CEGUI06_LIBS=''
CEGUI_CFLAGS=''
CEGUI_LIBS=''
CELT051_CFLAGS='-I/usr/local/include  '
CELT051_LIBDIR=''
CELT051_LIBS='-L/usr/local/lib -lcelt051 -lm  '
CFLAGS='-g -O2'
CFLAGS_CFLAGS=''
CPP='gcc -std=gnu99 -E'
CPPFLAGS='  -pthread -lm -lrt'
CXIMAGE_CFLAGS=''
CXX='g++'
CXXCPP='g++ -E'
CXXDEPMODE='depmode=gcc3'
CXXFLAGS='-g -O2'
CYGPATH_W='echo'
DEFS='-DHAVE_CONFIG_H'
DEPDIR='.deps'
DSYMUTIL=''
DUMPBIN=''
ECHO_C=''
ECHO_N='-n'
ECHO_T=''
EGREP='/bin/grep -E'
EXEEXT=''
FGREP='/bin/grep -F'
GL_CFLAGS=''
GL_LIBS=''
GREP='/bin/grep'
HAVE_SASL_FALSE='#'
HAVE_SASL_TRUE=''
HAVE_XRANDR12_FALSE='#'
HAVE_XRANDR12_TRUE=''
INSTALL_DATA='${INSTALL} -m 644'
INSTALL_PROGRAM='${INSTALL}'
INSTALL_SCRIPT='${INSTALL}'
INSTALL_STRIP_PROGRAM='$(install_sh) -c -s'
JPEG_LIBS='-ljpeg'
LD='/usr/bin/ld'
LDFLAGS=''
LIBM='-lm'
LIBOBJS=''
LIBRT='-lrt'
LIBS=''
LIBTOOL='$(SHELL) $(top_builddir)/libtool'
LIPO=''
LN_S='ln -s'
LTLIBOBJS=''
MAINT='#'
MAINTAINER_MODE_FALSE=''
MAINTAINER_MODE_TRUE='#'
MAKEINFO='${SHELL} /home/new/spice-0.10.0.new/missing --run makeinfo'
MISC_X_CFLAGS=' '
MISC_X_LIBS='-lXext -lXrender -lX11  '
MKDIR_P='/bin/mkdir -p'
NM='/usr/bin/nm -B'
NMEDIT=''
OBJDUMP='objdump'
OBJEXT='o'
OS_LINUX_FALSE='#'
OS_LINUX_TRUE=''
OS_UNIX_FALSE='#'
OS_UNIX_TRUE=''
OS_WIN32_FALSE=''
OS_WIN32_TRUE='#'
OTOOL64=''
OTOOL=''
PACKAGE='spice'
PACKAGE_BUGREPORT=''
PACKAGE_NAME='spice'
PACKAGE_STRING='spice 0.10.0'
PACKAGE_TARNAME='spice'
PACKAGE_URL=''
PACKAGE_VERSION='0.10.0'
PATH_SEPARATOR=':'
PIXMAN_CFLAGS='-I/usr/local/include/pixman-1  '
PIXMAN_LIBS='-L/usr/local/lib -lpixman-1  '
PKG_CONFIG='/usr/bin/pkg-config'
PROTOCOL_CFLAGS='-I/usr/local/include/spice-1  '
PROTOCOL_LIBS=' '
PYTHON='/usr/bin/python2'
RANLIB='ranlib'
SASL_CFLAGS=''
SASL_LIBS=' -lsasl2'
SED='/bin/sed'
SET_MAKE=''
SHELL='/bin/bash'
SLIRP_CFLAGS=''
SLIRP_LIBS=''
SMARTCARD_CFLAGS=''
SMARTCARD_LIBS=''
SPICEC_STATIC_LINKAGE_BSTATIC=''
SPICE_LT_VERSION='1:0:2'
SPICE_NONPKGCONFIG_CFLAGS=''
SPICE_NONPKGCONFIG_LIBS=' -pthread -lm -lrt '
SPICE_REQUIRES=' pixman-1 >= 0.17.7 celt051 >= 0.5.1.1 openssl'
SSL_CFLAGS=' '
SSL_LIBS='-lssl -lcrypto  '
STRIP='strip'
SUPPORT_CLIENT_FALSE='#'
SUPPORT_CLIENT_TRUE=''
SUPPORT_DEVREDIR_FALSE=''
SUPPORT_DEVREDIR_TRUE='#'
SUPPORT_GL_FALSE=''
SUPPORT_GL_TRUE='#'
SUPPORT_GSTREAMER_FALSE='#'
SUPPORT_GSTREAMER_TRUE=''
SUPPORT_GUI_FALSE=''
SUPPORT_GUI_TRUE='#'
SUPPORT_PORTREDIR_FALSE=''
SUPPORT_PORTREDIR_TRUE='#'
SUPPORT_SMARTCARD_FALSE=''
SUPPORT_SMARTCARD_TRUE='#'
SUPPORT_TUNNEL_FALSE=''
SUPPORT_TUNNEL_TRUE='#'
SUPPORT_USBREDIR_FALSE=''
SUPPORT_USBREDIR_TRUE='#'
USBREDIR_CFLAGS=''
USBREDIR_LIBS=''
VERSION='0.10.0'
VISIBILITY_HIDDEN_CFLAGS='-fvisibility=hidden'
WARN_CFLAGS=' -Wall -Wno-sign-compare -Wno-deprecated-declarations'
WINDRES=''
X86_64_FALSE=''
X86_64_TRUE='#'
XFIXES_CFLAGS=' '
XFIXES_LIBS='-lXfixes  '
XRANDR12_CFLAGS=' '
XRANDR12_LIBS='-lXrandr  '
XRANDR_CFLAGS=' '
XRANDR_LIBS='-lXrandr  '
Z_LIBS='-lz'
ac_ct_CC='gcc'
ac_ct_CXX='g++'
ac_ct_DUMPBIN=''
am__EXEEXT_FALSE=''
am__EXEEXT_TRUE='#'
am__fastdepCC_FALSE='#'
am__fastdepCC_TRUE=''
am__fastdepCXX_FALSE='#'
am__fastdepCXX_TRUE=''
am__include='include'
am__isrc=''
am__leading_dot='.'
am__quote=''
am__tar='${AMTAR} chof - "$$tardir"'
am__untar='${AMTAR} xf -'
bindir='${exec_prefix}/bin'
build='i686-pc-linux-gnu'
build_alias=''
build_cpu='i686'
build_os='linux-gnu'
build_vendor='pc'
datadir='${datarootdir}'
datarootdir='${prefix}/share'
docdir='${datarootdir}/doc/${PACKAGE_TARNAME}'
dvidir='${docdir}'
exec_prefix='${prefix}'
host='i686-pc-linux-gnu'
host_alias=''
host_cpu='i686'
host_os='linux-gnu'
host_vendor='pc'
htmldir='${docdir}'
includedir='${prefix}/include'
infodir='${datarootdir}/info'
install_sh='${SHELL} /home/new/spice-0.10.0.new/install-sh'
libdir='${exec_prefix}/lib'
libexecdir='${exec_prefix}/libexec'
localedir='${datarootdir}/locale'
localstatedir='${prefix}/var'
lt_ECHO='echo'
mandir='${datarootdir}/man'
mkdir_p='/bin/mkdir -p'
oldincludedir='/usr/include'
pdfdir='${docdir}'
prefix='/usr/local'
program_transform_name='s,x,x,'
psdir='${docdir}'
sbindir='${exec_prefix}/sbin'
sharedstatedir='${prefix}/com'
sysconfdir='${prefix}/etc'
target_alias=''

## ----------- ##
## confdefs.h. ##
## ----------- ##

/* confdefs.h */
#define PACKAGE_NAME "spice"
#define PACKAGE_TARNAME "spice"
#define PACKAGE_VERSION "0.10.0"
#define PACKAGE_STRING "spice 0.10.0"
#define PACKAGE_BUGREPORT ""
#define PACKAGE_URL ""
#define PACKAGE "spice"
#define VERSION "0.10.0"
#define STDC_HEADERS 1
#define HAVE_SYS_TYPES_H 1
#define HAVE_SYS_STAT_H 1
#define HAVE_STDLIB_H 1
#define HAVE_STRING_H 1
#define HAVE_MEMORY_H 1
#define HAVE_STRINGS_H 1
#define HAVE_INTTYPES_H 1
#define HAVE_STDINT_H 1
#define HAVE_UNISTD_H 1
#define HAVE_DLFCN_H 1
#define LT_OBJDIR ".libs/"
#define HAVE_SYS_TIME_H 1
#define HAVE_EXECINFO_H 1
#define HAVE_ALLOCA_H 1
#define HAVE_ALLOCA 1
#define USE_GSTREAMER 1
#define HAVE_CLOCK_GETTIME 1
#define POSIX_YIELD_FUNC pthread_yield()
#define HAVE_XRANDR12 /**/
#define HAVE_SASL 1

configure: exit 0
